2021-04-10 21:07:40,298 [Worker-3: Loading available Gradle versions] INFO  o.e.b.c.i.u.g.PublishedGradleVersions - Gradle version information cache is out-of-date. Trying to update.
2021-04-10 22:19:43,907 [Worker-36: Importing Maven projects] WARN  o.e.m.c.i.embedder.EclipseLogger - Failed to build parent project for org.springframework.boot:spring-boot-starter-parent:pom:2.4.1
2021-04-10 22:19:43,916 [Worker-36: Importing Maven projects] ERROR o.e.m.c.internal.embedder.MavenImpl - Could not read parent project
org.apache.maven.project.ProjectBuildingException: Some problems were encountered while processing the POMs:
[ERROR] Non-resolvable import POM: Failure to transfer io.dropwizard.metrics:metrics-bom:pom:4.1.16 from https://repo.maven.apache.org/maven2 was cached in the local repository, resolution will not be reattempted until the update interval of central has elapsed or updates are forced. Original error: Could not transfer artifact io.dropwizard.metrics:metrics-bom:pom:4.1.16 from/to central (https://repo.maven.apache.org/maven2): The operation was cancelled. @ org.springframework.boot:spring-boot-dependencies:2.4.1, C:\Users\tcsrth\.m2\repository\org\springframework\boot\spring-boot-dependencies\2.4.1\spring-boot-dependencies-2.4.1.pom, line 2584, column 19
[ERROR] Non-resolvable import POM: Failure to transfer org.infinispan:infinispan-bom:pom:11.0.8.Final from https://repo.maven.apache.org/maven2 was cached in the local repository, resolution will not be reattempted until the update interval of central has elapsed or updates are forced. Original error: Could not transfer artifact org.infinispan:infinispan-bom:pom:11.0.8.Final from/to central (https://repo.maven.apache.org/maven2): The operation was cancelled. @ org.springframework.boot:spring-boot-dependencies:2.4.1, C:\Users\tcsrth\.m2\repository\org\springframework\boot\spring-boot-dependencies\2.4.1\spring-boot-dependencies-2.4.1.pom, line 2598, column 19
[ERROR] Non-resolvable import POM: Failure to transfer io.micrometer:micrometer-bom:pom:1.6.2 from https://repo.maven.apache.org/maven2 was cached in the local repository, resolution will not be reattempted until the update interval of central has elapsed or updates are forced. Original error: Could not transfer artifact io.micrometer:micrometer-bom:pom:1.6.2 from/to central (https://repo.maven.apache.org/maven2): The operation was cancelled. @ org.springframework.boot:spring-boot-dependencies:2.4.1, C:\Users\tcsrth\.m2\repository\org\springframework\boot\spring-boot-dependencies\2.4.1\spring-boot-dependencies-2.4.1.pom, line 2654, column 19
[ERROR] Non-resolvable import POM: Failure to transfer io.netty:netty-bom:pom:4.1.55.Final from https://repo.maven.apache.org/maven2 was cached in the local repository, resolution will not be reattempted until the update interval of central has elapsed or updates are forced. Original error: Could not transfer artifact io.netty:netty-bom:pom:4.1.55.Final from/to central (https://repo.maven.apache.org/maven2): The operation was cancelled. @ org.springframework.boot:spring-boot-dependencies:2.4.1, C:\Users\tcsrth\.m2\repository\org\springframework\boot\spring-boot-dependencies\2.4.1\spring-boot-dependencies-2.4.1.pom, line 2661, column 19
[ERROR] Non-resolvable import POM: Failure to transfer org.springframework.data:spring-data-bom:pom:2020.0.2 from https://repo.maven.apache.org/maven2 was cached in the local repository, resolution will not be reattempted until the update interval of central has elapsed or updates are forced. Original error: Could not transfer artifact org.springframework.data:spring-data-bom:pom:2020.0.2 from/to central (https://repo.maven.apache.org/maven2): The operation was cancelled. @ org.springframework.boot:spring-boot-dependencies:2.4.1, C:\Users\tcsrth\.m2\repository\org\springframework\boot\spring-boot-dependencies\2.4.1\spring-boot-dependencies-2.4.1.pom, line 2696, column 19
[ERROR] Non-resolvable import POM: Failure to transfer org.springframework:spring-framework-bom:pom:5.3.2 from https://repo.maven.apache.org/maven2 was cached in the local repository, resolution will not be reattempted until the update interval of central has elapsed or updates are forced. Original error: Could not transfer artifact org.springframework:spring-framework-bom:pom:5.3.2 from/to central (https://repo.maven.apache.org/maven2): The operation was cancelled. @ org.springframework.boot:spring-boot-dependencies:2.4.1, C:\Users\tcsrth\.m2\repository\org\springframework\boot\spring-boot-dependencies\2.4.1\spring-boot-dependencies-2.4.1.pom, line 2703, column 19
[ERROR] Non-resolvable import POM: Failure to transfer org.springframework.integration:spring-integration-bom:pom:5.4.2 from https://repo.maven.apache.org/maven2 was cached in the local repository, resolution will not be reattempted until the update interval of central has elapsed or updates are forced. Original error: Could not transfer artifact org.springframework.integration:spring-integration-bom:pom:5.4.2 from/to central (https://repo.maven.apache.org/maven2): The operation was cancelled. @ org.springframework.boot:spring-boot-dependencies:2.4.1, C:\Users\tcsrth\.m2\repository\org\springframework\boot\spring-boot-dependencies\2.4.1\spring-boot-dependencies-2.4.1.pom, line 2710, column 19
[ERROR] Non-resolvable import POM: Failure to transfer org.springframework.security:spring-security-bom:pom:5.4.2 from https://repo.maven.apache.org/maven2 was cached in the local repository, resolution will not be reattempted until the update interval of central has elapsed or updates are forced. Original error: Could not transfer artifact org.springframework.security:spring-security-bom:pom:5.4.2 from/to central (https://repo.maven.apache.org/maven2): The operation was cancelled. @ org.springframework.boot:spring-boot-dependencies:2.4.1, C:\Users\tcsrth\.m2\repository\org\springframework\boot\spring-boot-dependencies\2.4.1\spring-boot-dependencies-2.4.1.pom, line 2717, column 19

	at org.apache.maven.project.DefaultProjectBuilder.build(DefaultProjectBuilder.java:207)
	at org.apache.maven.project.DefaultProjectBuilder.build(DefaultProjectBuilder.java:342)
	at org.apache.maven.project.DefaultProjectBuilder.build(DefaultProjectBuilder.java:299)
	at org.eclipse.m2e.core.internal.embedder.MavenImpl.resolveParentProject(MavenImpl.java:721)
	at org.eclipse.m2e.core.internal.embedder.MavenImpl.lambda$3(MavenImpl.java:740)
	at org.eclipse.m2e.core.internal.embedder.MavenExecutionContext.executeBare(MavenExecutionContext.java:179)
	at org.eclipse.m2e.core.internal.embedder.MavenExecutionContext.execute(MavenExecutionContext.java:114)
	at org.eclipse.m2e.core.internal.embedder.MavenImpl.resolveParentProject(MavenImpl.java:740)
	at org.eclipse.m2e.core.internal.lifecyclemapping.LifecycleMappingFactory.getPomMappingMetadataSources(LifecycleMappingFactory.java:876)
	at org.eclipse.m2e.core.internal.lifecyclemapping.LifecycleMappingFactory.getProjectMetadataSourcesMap(LifecycleMappingFactory.java:286)
	at org.eclipse.m2e.core.internal.lifecyclemapping.LifecycleMappingFactory.getProjectMetadataSources(LifecycleMappingFactory.java:265)
	at org.eclipse.m2e.core.internal.lifecyclemapping.LifecycleMappingFactory.calculateEffectiveLifecycleMappingMetadata(LifecycleMappingFactory.java:249)
	at org.eclipse.m2e.core.internal.lifecyclemapping.LifecycleMappingFactory.calculateLifecycleMapping(LifecycleMappingFactory.java:190)
	at org.eclipse.m2e.core.internal.project.registry.ProjectRegistryManager.setupLifecycleMapping(ProjectRegistryManager.java:614)
	at org.eclipse.m2e.core.internal.project.registry.ProjectRegistryManager.refreshPhase2(ProjectRegistryManager.java:533)
	at org.eclipse.m2e.core.internal.project.registry.ProjectRegistryManager.lambda$3(ProjectRegistryManager.java:514)
	at org.eclipse.m2e.core.internal.embedder.MavenExecutionContext.executeBare(MavenExecutionContext.java:179)
	at org.eclipse.m2e.core.internal.embedder.MavenExecutionContext.execute(MavenExecutionContext.java:153)
	at org.eclipse.m2e.core.internal.project.registry.ProjectRegistryManager.refresh(ProjectRegistryManager.java:512)
	at org.eclipse.m2e.core.internal.project.registry.ProjectRegistryManager.refresh(ProjectRegistryManager.java:364)
	at org.eclipse.m2e.core.internal.project.registry.ProjectRegistryManager.refresh(ProjectRegistryManager.java:315)
	at org.eclipse.m2e.core.internal.project.ProjectConfigurationManager.configureNewMavenProjects(ProjectConfigurationManager.java:267)
	at org.eclipse.m2e.core.internal.project.ProjectConfigurationManager.lambda$0(ProjectConfigurationManager.java:176)
	at org.eclipse.m2e.core.internal.embedder.MavenExecutionContext.executeBare(MavenExecutionContext.java:179)
	at org.eclipse.m2e.core.internal.embedder.MavenExecutionContext.execute(MavenExecutionContext.java:153)
	at org.eclipse.m2e.core.internal.embedder.MavenExecutionContext.execute(MavenExecutionContext.java:101)
	at org.eclipse.m2e.core.internal.embedder.MavenImpl.execute(MavenImpl.java:1374)
	at org.eclipse.m2e.core.internal.project.ProjectConfigurationManager.importProjects(ProjectConfigurationManager.java:146)
	at org.eclipse.m2e.core.ui.internal.wizards.ImportMavenProjectsJob$1.doCreateMavenProjects(ImportMavenProjectsJob.java:70)
	at org.eclipse.m2e.core.ui.internal.wizards.AbstractCreateMavenProjectsOperation.run(AbstractCreateMavenProjectsOperation.java:75)
	at org.eclipse.m2e.core.ui.internal.wizards.ImportMavenProjectsJob.runInWorkspace(ImportMavenProjectsJob.java:79)
	at org.eclipse.core.internal.resources.InternalWorkspaceJob.run(InternalWorkspaceJob.java:42)
	at org.eclipse.core.internal.jobs.Worker.run(Worker.java:63)
Caused by: org.apache.maven.model.building.ModelBuildingException: 8 problems were encountered while building the effective model for org.springframework.boot:spring-boot-starter-parent:2.4.1
[ERROR] Non-resolvable import POM: Failure to transfer io.dropwizard.metrics:metrics-bom:pom:4.1.16 from https://repo.maven.apache.org/maven2 was cached in the local repository, resolution will not be reattempted until the update interval of central has elapsed or updates are forced. Original error: Could not transfer artifact io.dropwizard.metrics:metrics-bom:pom:4.1.16 from/to central (https://repo.maven.apache.org/maven2): The operation was cancelled. @ org.springframework.boot:spring-boot-dependencies:2.4.1, C:\Users\tcsrth\.m2\repository\org\springframework\boot\spring-boot-dependencies\2.4.1\spring-boot-dependencies-2.4.1.pom, line 2584, column 19
[ERROR] Non-resolvable import POM: Failure to transfer org.infinispan:infinispan-bom:pom:11.0.8.Final from https://repo.maven.apache.org/maven2 was cached in the local repository, resolution will not be reattempted until the update interval of central has elapsed or updates are forced. Original error: Could not transfer artifact org.infinispan:infinispan-bom:pom:11.0.8.Final from/to central (https://repo.maven.apache.org/maven2): The operation was cancelled. @ org.springframework.boot:spring-boot-dependencies:2.4.1, C:\Users\tcsrth\.m2\repository\org\springframework\boot\spring-boot-dependencies\2.4.1\spring-boot-dependencies-2.4.1.pom, line 2598, column 19
[ERROR] Non-resolvable import POM: Failure to transfer io.micrometer:micrometer-bom:pom:1.6.2 from https://repo.maven.apache.org/maven2 was cached in the local repository, resolution will not be reattempted until the update interval of central has elapsed or updates are forced. Original error: Could not transfer artifact io.micrometer:micrometer-bom:pom:1.6.2 from/to central (https://repo.maven.apache.org/maven2): The operation was cancelled. @ org.springframework.boot:spring-boot-dependencies:2.4.1, C:\Users\tcsrth\.m2\repository\org\springframework\boot\spring-boot-dependencies\2.4.1\spring-boot-dependencies-2.4.1.pom, line 2654, column 19
[ERROR] Non-resolvable import POM: Failure to transfer io.netty:netty-bom:pom:4.1.55.Final from https://repo.maven.apache.org/maven2 was cached in the local repository, resolution will not be reattempted until the update interval of central has elapsed or updates are forced. Original error: Could not transfer artifact io.netty:netty-bom:pom:4.1.55.Final from/to central (https://repo.maven.apache.org/maven2): The operation was cancelled. @ org.springframework.boot:spring-boot-dependencies:2.4.1, C:\Users\tcsrth\.m2\repository\org\springframework\boot\spring-boot-dependencies\2.4.1\spring-boot-dependencies-2.4.1.pom, line 2661, column 19
[ERROR] Non-resolvable import POM: Failure to transfer org.springframework.data:spring-data-bom:pom:2020.0.2 from https://repo.maven.apache.org/maven2 was cached in the local repository, resolution will not be reattempted until the update interval of central has elapsed or updates are forced. Original error: Could not transfer artifact org.springframework.data:spring-data-bom:pom:2020.0.2 from/to central (https://repo.maven.apache.org/maven2): The operation was cancelled. @ org.springframework.boot:spring-boot-dependencies:2.4.1, C:\Users\tcsrth\.m2\repository\org\springframework\boot\spring-boot-dependencies\2.4.1\spring-boot-dependencies-2.4.1.pom, line 2696, column 19
[ERROR] Non-resolvable import POM: Failure to transfer org.springframework:spring-framework-bom:pom:5.3.2 from https://repo.maven.apache.org/maven2 was cached in the local repository, resolution will not be reattempted until the update interval of central has elapsed or updates are forced. Original error: Could not transfer artifact org.springframework:spring-framework-bom:pom:5.3.2 from/to central (https://repo.maven.apache.org/maven2): The operation was cancelled. @ org.springframework.boot:spring-boot-dependencies:2.4.1, C:\Users\tcsrth\.m2\repository\org\springframework\boot\spring-boot-dependencies\2.4.1\spring-boot-dependencies-2.4.1.pom, line 2703, column 19
[ERROR] Non-resolvable import POM: Failure to transfer org.springframework.integration:spring-integration-bom:pom:5.4.2 from https://repo.maven.apache.org/maven2 was cached in the local repository, resolution will not be reattempted until the update interval of central has elapsed or updates are forced. Original error: Could not transfer artifact org.springframework.integration:spring-integration-bom:pom:5.4.2 from/to central (https://repo.maven.apache.org/maven2): The operation was cancelled. @ org.springframework.boot:spring-boot-dependencies:2.4.1, C:\Users\tcsrth\.m2\repository\org\springframework\boot\spring-boot-dependencies\2.4.1\spring-boot-dependencies-2.4.1.pom, line 2710, column 19
[ERROR] Non-resolvable import POM: Failure to transfer org.springframework.security:spring-security-bom:pom:5.4.2 from https://repo.maven.apache.org/maven2 was cached in the local repository, resolution will not be reattempted until the update interval of central has elapsed or updates are forced. Original error: Could not transfer artifact org.springframework.security:spring-security-bom:pom:5.4.2 from/to central (https://repo.maven.apache.org/maven2): The operation was cancelled. @ org.springframework.boot:spring-boot-dependencies:2.4.1, C:\Users\tcsrth\.m2\repository\org\springframework\boot\spring-boot-dependencies\2.4.1\spring-boot-dependencies-2.4.1.pom, line 2717, column 19

	at org.apache.maven.model.building.DefaultModelProblemCollector.newModelBuildingException(DefaultModelProblemCollector.java:197)
	at org.apache.maven.model.building.DefaultModelBuilder.build(DefaultModelBuilder.java:498)
	at org.apache.maven.model.building.DefaultModelBuilder.build(DefaultModelBuilder.java:440)
	at org.apache.maven.model.building.DefaultModelBuilder.build(DefaultModelBuilder.java:430)
	at org.apache.maven.project.DefaultProjectBuilder.build(DefaultProjectBuilder.java:173)
	... 32 common frames omitted
2021-04-10 22:19:45,576 [Worker-36: Importing Maven projects] INFO  o.e.m.c.i.l.LifecycleMappingFactory - Using org.eclipse.m2e.jdt.JarLifecycleMapping lifecycle mapping for MavenProject: com.rstontherun.microservices:currency-conversion-service:0.0.11-SNAPSHOT @ C:\Data\workspace\21daysChallenge\05.kubernetes\currency-conversion-service\pom.xml.
2021-04-10 22:19:46,434 [Worker-36: Importing Maven projects] WARN  o.e.m.c.i.embedder.EclipseLogger - Failed to build parent project for org.springframework.boot:spring-boot-starter-parent:pom:2.4.1
2021-04-10 22:19:46,436 [Worker-36: Importing Maven projects] ERROR o.e.m.c.internal.embedder.MavenImpl - Could not read parent project
org.apache.maven.project.ProjectBuildingException: Some problems were encountered while processing the POMs:
[ERROR] Non-resolvable import POM: Failure to transfer io.dropwizard.metrics:metrics-bom:pom:4.1.16 from https://repo.maven.apache.org/maven2 was cached in the local repository, resolution will not be reattempted until the update interval of central has elapsed or updates are forced. Original error: Could not transfer artifact io.dropwizard.metrics:metrics-bom:pom:4.1.16 from/to central (https://repo.maven.apache.org/maven2): The operation was cancelled. @ org.springframework.boot:spring-boot-dependencies:2.4.1, C:\Users\tcsrth\.m2\repository\org\springframework\boot\spring-boot-dependencies\2.4.1\spring-boot-dependencies-2.4.1.pom, line 2584, column 19
[ERROR] Non-resolvable import POM: Failure to transfer org.infinispan:infinispan-bom:pom:11.0.8.Final from https://repo.maven.apache.org/maven2 was cached in the local repository, resolution will not be reattempted until the update interval of central has elapsed or updates are forced. Original error: Could not transfer artifact org.infinispan:infinispan-bom:pom:11.0.8.Final from/to central (https://repo.maven.apache.org/maven2): The operation was cancelled. @ org.springframework.boot:spring-boot-dependencies:2.4.1, C:\Users\tcsrth\.m2\repository\org\springframework\boot\spring-boot-dependencies\2.4.1\spring-boot-dependencies-2.4.1.pom, line 2598, column 19
[ERROR] Non-resolvable import POM: Failure to transfer io.micrometer:micrometer-bom:pom:1.6.2 from https://repo.maven.apache.org/maven2 was cached in the local repository, resolution will not be reattempted until the update interval of central has elapsed or updates are forced. Original error: Could not transfer artifact io.micrometer:micrometer-bom:pom:1.6.2 from/to central (https://repo.maven.apache.org/maven2): The operation was cancelled. @ org.springframework.boot:spring-boot-dependencies:2.4.1, C:\Users\tcsrth\.m2\repository\org\springframework\boot\spring-boot-dependencies\2.4.1\spring-boot-dependencies-2.4.1.pom, line 2654, column 19
[ERROR] Non-resolvable import POM: Failure to transfer io.netty:netty-bom:pom:4.1.55.Final from https://repo.maven.apache.org/maven2 was cached in the local repository, resolution will not be reattempted until the update interval of central has elapsed or updates are forced. Original error: Could not transfer artifact io.netty:netty-bom:pom:4.1.55.Final from/to central (https://repo.maven.apache.org/maven2): The operation was cancelled. @ org.springframework.boot:spring-boot-dependencies:2.4.1, C:\Users\tcsrth\.m2\repository\org\springframework\boot\spring-boot-dependencies\2.4.1\spring-boot-dependencies-2.4.1.pom, line 2661, column 19
[ERROR] Non-resolvable import POM: Failure to transfer org.springframework.data:spring-data-bom:pom:2020.0.2 from https://repo.maven.apache.org/maven2 was cached in the local repository, resolution will not be reattempted until the update interval of central has elapsed or updates are forced. Original error: Could not transfer artifact org.springframework.data:spring-data-bom:pom:2020.0.2 from/to central (https://repo.maven.apache.org/maven2): The operation was cancelled. @ org.springframework.boot:spring-boot-dependencies:2.4.1, C:\Users\tcsrth\.m2\repository\org\springframework\boot\spring-boot-dependencies\2.4.1\spring-boot-dependencies-2.4.1.pom, line 2696, column 19
[ERROR] Non-resolvable import POM: Failure to transfer org.springframework:spring-framework-bom:pom:5.3.2 from https://repo.maven.apache.org/maven2 was cached in the local repository, resolution will not be reattempted until the update interval of central has elapsed or updates are forced. Original error: Could not transfer artifact org.springframework:spring-framework-bom:pom:5.3.2 from/to central (https://repo.maven.apache.org/maven2): The operation was cancelled. @ org.springframework.boot:spring-boot-dependencies:2.4.1, C:\Users\tcsrth\.m2\repository\org\springframework\boot\spring-boot-dependencies\2.4.1\spring-boot-dependencies-2.4.1.pom, line 2703, column 19
[ERROR] Non-resolvable import POM: Failure to transfer org.springframework.integration:spring-integration-bom:pom:5.4.2 from https://repo.maven.apache.org/maven2 was cached in the local repository, resolution will not be reattempted until the update interval of central has elapsed or updates are forced. Original error: Could not transfer artifact org.springframework.integration:spring-integration-bom:pom:5.4.2 from/to central (https://repo.maven.apache.org/maven2): The operation was cancelled. @ org.springframework.boot:spring-boot-dependencies:2.4.1, C:\Users\tcsrth\.m2\repository\org\springframework\boot\spring-boot-dependencies\2.4.1\spring-boot-dependencies-2.4.1.pom, line 2710, column 19
[ERROR] Non-resolvable import POM: Failure to transfer org.springframework.security:spring-security-bom:pom:5.4.2 from https://repo.maven.apache.org/maven2 was cached in the local repository, resolution will not be reattempted until the update interval of central has elapsed or updates are forced. Original error: Could not transfer artifact org.springframework.security:spring-security-bom:pom:5.4.2 from/to central (https://repo.maven.apache.org/maven2): The operation was cancelled. @ org.springframework.boot:spring-boot-dependencies:2.4.1, C:\Users\tcsrth\.m2\repository\org\springframework\boot\spring-boot-dependencies\2.4.1\spring-boot-dependencies-2.4.1.pom, line 2717, column 19

	at org.apache.maven.project.DefaultProjectBuilder.build(DefaultProjectBuilder.java:207)
	at org.apache.maven.project.DefaultProjectBuilder.build(DefaultProjectBuilder.java:342)
	at org.apache.maven.project.DefaultProjectBuilder.build(DefaultProjectBuilder.java:299)
	at org.eclipse.m2e.core.internal.embedder.MavenImpl.resolveParentProject(MavenImpl.java:721)
	at org.eclipse.m2e.core.internal.embedder.MavenImpl.lambda$3(MavenImpl.java:740)
	at org.eclipse.m2e.core.internal.embedder.MavenExecutionContext.executeBare(MavenExecutionContext.java:179)
	at org.eclipse.m2e.core.internal.embedder.MavenExecutionContext.execute(MavenExecutionContext.java:114)
	at org.eclipse.m2e.core.internal.embedder.MavenImpl.resolveParentProject(MavenImpl.java:740)
	at org.eclipse.m2e.core.internal.lifecyclemapping.LifecycleMappingFactory.getPomMappingMetadataSources(LifecycleMappingFactory.java:876)
	at org.eclipse.m2e.core.internal.lifecyclemapping.LifecycleMappingFactory.getProjectMetadataSourcesMap(LifecycleMappingFactory.java:286)
	at org.eclipse.m2e.core.internal.lifecyclemapping.LifecycleMappingFactory.getProjectMetadataSources(LifecycleMappingFactory.java:265)
	at org.eclipse.m2e.core.internal.lifecyclemapping.LifecycleMappingFactory.calculateEffectiveLifecycleMappingMetadata(LifecycleMappingFactory.java:249)
	at org.eclipse.m2e.core.internal.lifecyclemapping.LifecycleMappingFactory.calculateLifecycleMapping(LifecycleMappingFactory.java:190)
	at org.eclipse.m2e.core.internal.project.registry.ProjectRegistryManager.setupLifecycleMapping(ProjectRegistryManager.java:614)
	at org.eclipse.m2e.core.internal.project.registry.ProjectRegistryManager.refreshPhase2(ProjectRegistryManager.java:533)
	at org.eclipse.m2e.core.internal.project.registry.ProjectRegistryManager.lambda$3(ProjectRegistryManager.java:514)
	at org.eclipse.m2e.core.internal.embedder.MavenExecutionContext.executeBare(MavenExecutionContext.java:179)
	at org.eclipse.m2e.core.internal.embedder.MavenExecutionContext.execute(MavenExecutionContext.java:153)
	at org.eclipse.m2e.core.internal.project.registry.ProjectRegistryManager.refresh(ProjectRegistryManager.java:512)
	at org.eclipse.m2e.core.internal.project.registry.ProjectRegistryManager.refresh(ProjectRegistryManager.java:364)
	at org.eclipse.m2e.core.internal.project.registry.ProjectRegistryManager.refresh(ProjectRegistryManager.java:315)
	at org.eclipse.m2e.core.internal.project.ProjectConfigurationManager.configureNewMavenProjects(ProjectConfigurationManager.java:267)
	at org.eclipse.m2e.core.internal.project.ProjectConfigurationManager.lambda$0(ProjectConfigurationManager.java:176)
	at org.eclipse.m2e.core.internal.embedder.MavenExecutionContext.executeBare(MavenExecutionContext.java:179)
	at org.eclipse.m2e.core.internal.embedder.MavenExecutionContext.execute(MavenExecutionContext.java:153)
	at org.eclipse.m2e.core.internal.embedder.MavenExecutionContext.execute(MavenExecutionContext.java:101)
	at org.eclipse.m2e.core.internal.embedder.MavenImpl.execute(MavenImpl.java:1374)
	at org.eclipse.m2e.core.internal.project.ProjectConfigurationManager.importProjects(ProjectConfigurationManager.java:146)
	at org.eclipse.m2e.core.ui.internal.wizards.ImportMavenProjectsJob$1.doCreateMavenProjects(ImportMavenProjectsJob.java:70)
	at org.eclipse.m2e.core.ui.internal.wizards.AbstractCreateMavenProjectsOperation.run(AbstractCreateMavenProjectsOperation.java:75)
	at org.eclipse.m2e.core.ui.internal.wizards.ImportMavenProjectsJob.runInWorkspace(ImportMavenProjectsJob.java:79)
	at org.eclipse.core.internal.resources.InternalWorkspaceJob.run(InternalWorkspaceJob.java:42)
	at org.eclipse.core.internal.jobs.Worker.run(Worker.java:63)
Caused by: org.apache.maven.model.building.ModelBuildingException: 8 problems were encountered while building the effective model for org.springframework.boot:spring-boot-starter-parent:2.4.1
[ERROR] Non-resolvable import POM: Failure to transfer io.dropwizard.metrics:metrics-bom:pom:4.1.16 from https://repo.maven.apache.org/maven2 was cached in the local repository, resolution will not be reattempted until the update interval of central has elapsed or updates are forced. Original error: Could not transfer artifact io.dropwizard.metrics:metrics-bom:pom:4.1.16 from/to central (https://repo.maven.apache.org/maven2): The operation was cancelled. @ org.springframework.boot:spring-boot-dependencies:2.4.1, C:\Users\tcsrth\.m2\repository\org\springframework\boot\spring-boot-dependencies\2.4.1\spring-boot-dependencies-2.4.1.pom, line 2584, column 19
[ERROR] Non-resolvable import POM: Failure to transfer org.infinispan:infinispan-bom:pom:11.0.8.Final from https://repo.maven.apache.org/maven2 was cached in the local repository, resolution will not be reattempted until the update interval of central has elapsed or updates are forced. Original error: Could not transfer artifact org.infinispan:infinispan-bom:pom:11.0.8.Final from/to central (https://repo.maven.apache.org/maven2): The operation was cancelled. @ org.springframework.boot:spring-boot-dependencies:2.4.1, C:\Users\tcsrth\.m2\repository\org\springframework\boot\spring-boot-dependencies\2.4.1\spring-boot-dependencies-2.4.1.pom, line 2598, column 19
[ERROR] Non-resolvable import POM: Failure to transfer io.micrometer:micrometer-bom:pom:1.6.2 from https://repo.maven.apache.org/maven2 was cached in the local repository, resolution will not be reattempted until the update interval of central has elapsed or updates are forced. Original error: Could not transfer artifact io.micrometer:micrometer-bom:pom:1.6.2 from/to central (https://repo.maven.apache.org/maven2): The operation was cancelled. @ org.springframework.boot:spring-boot-dependencies:2.4.1, C:\Users\tcsrth\.m2\repository\org\springframework\boot\spring-boot-dependencies\2.4.1\spring-boot-dependencies-2.4.1.pom, line 2654, column 19
[ERROR] Non-resolvable import POM: Failure to transfer io.netty:netty-bom:pom:4.1.55.Final from https://repo.maven.apache.org/maven2 was cached in the local repository, resolution will not be reattempted until the update interval of central has elapsed or updates are forced. Original error: Could not transfer artifact io.netty:netty-bom:pom:4.1.55.Final from/to central (https://repo.maven.apache.org/maven2): The operation was cancelled. @ org.springframework.boot:spring-boot-dependencies:2.4.1, C:\Users\tcsrth\.m2\repository\org\springframework\boot\spring-boot-dependencies\2.4.1\spring-boot-dependencies-2.4.1.pom, line 2661, column 19
[ERROR] Non-resolvable import POM: Failure to transfer org.springframework.data:spring-data-bom:pom:2020.0.2 from https://repo.maven.apache.org/maven2 was cached in the local repository, resolution will not be reattempted until the update interval of central has elapsed or updates are forced. Original error: Could not transfer artifact org.springframework.data:spring-data-bom:pom:2020.0.2 from/to central (https://repo.maven.apache.org/maven2): The operation was cancelled. @ org.springframework.boot:spring-boot-dependencies:2.4.1, C:\Users\tcsrth\.m2\repository\org\springframework\boot\spring-boot-dependencies\2.4.1\spring-boot-dependencies-2.4.1.pom, line 2696, column 19
[ERROR] Non-resolvable import POM: Failure to transfer org.springframework:spring-framework-bom:pom:5.3.2 from https://repo.maven.apache.org/maven2 was cached in the local repository, resolution will not be reattempted until the update interval of central has elapsed or updates are forced. Original error: Could not transfer artifact org.springframework:spring-framework-bom:pom:5.3.2 from/to central (https://repo.maven.apache.org/maven2): The operation was cancelled. @ org.springframework.boot:spring-boot-dependencies:2.4.1, C:\Users\tcsrth\.m2\repository\org\springframework\boot\spring-boot-dependencies\2.4.1\spring-boot-dependencies-2.4.1.pom, line 2703, column 19
[ERROR] Non-resolvable import POM: Failure to transfer org.springframework.integration:spring-integration-bom:pom:5.4.2 from https://repo.maven.apache.org/maven2 was cached in the local repository, resolution will not be reattempted until the update interval of central has elapsed or updates are forced. Original error: Could not transfer artifact org.springframework.integration:spring-integration-bom:pom:5.4.2 from/to central (https://repo.maven.apache.org/maven2): The operation was cancelled. @ org.springframework.boot:spring-boot-dependencies:2.4.1, C:\Users\tcsrth\.m2\repository\org\springframework\boot\spring-boot-dependencies\2.4.1\spring-boot-dependencies-2.4.1.pom, line 2710, column 19
[ERROR] Non-resolvable import POM: Failure to transfer org.springframework.security:spring-security-bom:pom:5.4.2 from https://repo.maven.apache.org/maven2 was cached in the local repository, resolution will not be reattempted until the update interval of central has elapsed or updates are forced. Original error: Could not transfer artifact org.springframework.security:spring-security-bom:pom:5.4.2 from/to central (https://repo.maven.apache.org/maven2): The operation was cancelled. @ org.springframework.boot:spring-boot-dependencies:2.4.1, C:\Users\tcsrth\.m2\repository\org\springframework\boot\spring-boot-dependencies\2.4.1\spring-boot-dependencies-2.4.1.pom, line 2717, column 19

	at org.apache.maven.model.building.DefaultModelProblemCollector.newModelBuildingException(DefaultModelProblemCollector.java:197)
	at org.apache.maven.model.building.DefaultModelBuilder.build(DefaultModelBuilder.java:498)
	at org.apache.maven.model.building.DefaultModelBuilder.build(DefaultModelBuilder.java:440)
	at org.apache.maven.model.building.DefaultModelBuilder.build(DefaultModelBuilder.java:430)
	at org.apache.maven.project.DefaultProjectBuilder.build(DefaultProjectBuilder.java:173)
	... 32 common frames omitted
2021-04-10 22:19:46,519 [Worker-36: Importing Maven projects] INFO  o.e.m.c.i.l.LifecycleMappingFactory - Using org.eclipse.m2e.jdt.JarLifecycleMapping lifecycle mapping for MavenProject: com.rstontherun.microservices:currency-exchange-service:0.0.11-SNAPSHOT @ C:\Data\workspace\21daysChallenge\05.kubernetes\currency-exchange-service\pom.xml.
2021-04-10 22:19:47,314 [Worker-36: Importing Maven projects] WARN  o.e.m.c.i.embedder.EclipseLogger - Failed to build parent project for org.springframework.boot:spring-boot-starter-parent:pom:2.4.1
2021-04-10 22:19:47,315 [Worker-36: Importing Maven projects] ERROR o.e.m.c.internal.embedder.MavenImpl - Could not read parent project
org.apache.maven.project.ProjectBuildingException: Some problems were encountered while processing the POMs:
[ERROR] Non-resolvable import POM: Failure to transfer io.dropwizard.metrics:metrics-bom:pom:4.1.16 from https://repo.maven.apache.org/maven2 was cached in the local repository, resolution will not be reattempted until the update interval of central has elapsed or updates are forced. Original error: Could not transfer artifact io.dropwizard.metrics:metrics-bom:pom:4.1.16 from/to central (https://repo.maven.apache.org/maven2): The operation was cancelled. @ org.springframework.boot:spring-boot-dependencies:2.4.1, C:\Users\tcsrth\.m2\repository\org\springframework\boot\spring-boot-dependencies\2.4.1\spring-boot-dependencies-2.4.1.pom, line 2584, column 19
[ERROR] Non-resolvable import POM: Failure to transfer org.infinispan:infinispan-bom:pom:11.0.8.Final from https://repo.maven.apache.org/maven2 was cached in the local repository, resolution will not be reattempted until the update interval of central has elapsed or updates are forced. Original error: Could not transfer artifact org.infinispan:infinispan-bom:pom:11.0.8.Final from/to central (https://repo.maven.apache.org/maven2): The operation was cancelled. @ org.springframework.boot:spring-boot-dependencies:2.4.1, C:\Users\tcsrth\.m2\repository\org\springframework\boot\spring-boot-dependencies\2.4.1\spring-boot-dependencies-2.4.1.pom, line 2598, column 19
[ERROR] Non-resolvable import POM: Failure to transfer io.micrometer:micrometer-bom:pom:1.6.2 from https://repo.maven.apache.org/maven2 was cached in the local repository, resolution will not be reattempted until the update interval of central has elapsed or updates are forced. Original error: Could not transfer artifact io.micrometer:micrometer-bom:pom:1.6.2 from/to central (https://repo.maven.apache.org/maven2): The operation was cancelled. @ org.springframework.boot:spring-boot-dependencies:2.4.1, C:\Users\tcsrth\.m2\repository\org\springframework\boot\spring-boot-dependencies\2.4.1\spring-boot-dependencies-2.4.1.pom, line 2654, column 19
[ERROR] Non-resolvable import POM: Failure to transfer io.netty:netty-bom:pom:4.1.55.Final from https://repo.maven.apache.org/maven2 was cached in the local repository, resolution will not be reattempted until the update interval of central has elapsed or updates are forced. Original error: Could not transfer artifact io.netty:netty-bom:pom:4.1.55.Final from/to central (https://repo.maven.apache.org/maven2): The operation was cancelled. @ org.springframework.boot:spring-boot-dependencies:2.4.1, C:\Users\tcsrth\.m2\repository\org\springframework\boot\spring-boot-dependencies\2.4.1\spring-boot-dependencies-2.4.1.pom, line 2661, column 19
[ERROR] Non-resolvable import POM: Failure to transfer org.springframework.data:spring-data-bom:pom:2020.0.2 from https://repo.maven.apache.org/maven2 was cached in the local repository, resolution will not be reattempted until the update interval of central has elapsed or updates are forced. Original error: Could not transfer artifact org.springframework.data:spring-data-bom:pom:2020.0.2 from/to central (https://repo.maven.apache.org/maven2): The operation was cancelled. @ org.springframework.boot:spring-boot-dependencies:2.4.1, C:\Users\tcsrth\.m2\repository\org\springframework\boot\spring-boot-dependencies\2.4.1\spring-boot-dependencies-2.4.1.pom, line 2696, column 19
[ERROR] Non-resolvable import POM: Failure to transfer org.springframework:spring-framework-bom:pom:5.3.2 from https://repo.maven.apache.org/maven2 was cached in the local repository, resolution will not be reattempted until the update interval of central has elapsed or updates are forced. Original error: Could not transfer artifact org.springframework:spring-framework-bom:pom:5.3.2 from/to central (https://repo.maven.apache.org/maven2): The operation was cancelled. @ org.springframework.boot:spring-boot-dependencies:2.4.1, C:\Users\tcsrth\.m2\repository\org\springframework\boot\spring-boot-dependencies\2.4.1\spring-boot-dependencies-2.4.1.pom, line 2703, column 19
[ERROR] Non-resolvable import POM: Failure to transfer org.springframework.integration:spring-integration-bom:pom:5.4.2 from https://repo.maven.apache.org/maven2 was cached in the local repository, resolution will not be reattempted until the update interval of central has elapsed or updates are forced. Original error: Could not transfer artifact org.springframework.integration:spring-integration-bom:pom:5.4.2 from/to central (https://repo.maven.apache.org/maven2): The operation was cancelled. @ org.springframework.boot:spring-boot-dependencies:2.4.1, C:\Users\tcsrth\.m2\repository\org\springframework\boot\spring-boot-dependencies\2.4.1\spring-boot-dependencies-2.4.1.pom, line 2710, column 19
[ERROR] Non-resolvable import POM: Failure to transfer org.springframework.security:spring-security-bom:pom:5.4.2 from https://repo.maven.apache.org/maven2 was cached in the local repository, resolution will not be reattempted until the update interval of central has elapsed or updates are forced. Original error: Could not transfer artifact org.springframework.security:spring-security-bom:pom:5.4.2 from/to central (https://repo.maven.apache.org/maven2): The operation was cancelled. @ org.springframework.boot:spring-boot-dependencies:2.4.1, C:\Users\tcsrth\.m2\repository\org\springframework\boot\spring-boot-dependencies\2.4.1\spring-boot-dependencies-2.4.1.pom, line 2717, column 19

	at org.apache.maven.project.DefaultProjectBuilder.build(DefaultProjectBuilder.java:207)
	at org.apache.maven.project.DefaultProjectBuilder.build(DefaultProjectBuilder.java:342)
	at org.apache.maven.project.DefaultProjectBuilder.build(DefaultProjectBuilder.java:299)
	at org.eclipse.m2e.core.internal.embedder.MavenImpl.resolveParentProject(MavenImpl.java:721)
	at org.eclipse.m2e.core.internal.embedder.MavenImpl.resolveParentProject(MavenImpl.java:700)
	at org.sonatype.m2e.mavenarchiver.internal.AbstractMavenArchiverConfigurator.loadParentHierarchy(AbstractMavenArchiverConfigurator.java:609)
	at org.sonatype.m2e.mavenarchiver.internal.AbstractMavenArchiverConfigurator.generateManifest(AbstractMavenArchiverConfigurator.java:395)
	at org.sonatype.m2e.mavenarchiver.internal.AbstractMavenArchiverConfigurator.mavenProjectChanged(AbstractMavenArchiverConfigurator.java:227)
	at org.sonatype.m2e.mavenarchiver.internal.AbstractMavenArchiverConfigurator.mavenProjectChanged(AbstractMavenArchiverConfigurator.java:215)
	at org.eclipse.m2e.core.internal.project.ProjectConfigurationManager.mavenProjectChanged(ProjectConfigurationManager.java:1040)
	at org.eclipse.m2e.core.internal.project.registry.ProjectRegistryManager.notifyProjectChangeListeners(ProjectRegistryManager.java:824)
	at org.eclipse.m2e.core.internal.project.registry.ProjectRegistryManager.applyMutableProjectRegistry(ProjectRegistryManager.java:990)
	at org.eclipse.m2e.core.internal.project.registry.ProjectRegistryManager.refresh(ProjectRegistryManager.java:317)
	at org.eclipse.m2e.core.internal.project.ProjectConfigurationManager.configureNewMavenProjects(ProjectConfigurationManager.java:267)
	at org.eclipse.m2e.core.internal.project.ProjectConfigurationManager.lambda$0(ProjectConfigurationManager.java:176)
	at org.eclipse.m2e.core.internal.embedder.MavenExecutionContext.executeBare(MavenExecutionContext.java:179)
	at org.eclipse.m2e.core.internal.embedder.MavenExecutionContext.execute(MavenExecutionContext.java:153)
	at org.eclipse.m2e.core.internal.embedder.MavenExecutionContext.execute(MavenExecutionContext.java:101)
	at org.eclipse.m2e.core.internal.embedder.MavenImpl.execute(MavenImpl.java:1374)
	at org.eclipse.m2e.core.internal.project.ProjectConfigurationManager.importProjects(ProjectConfigurationManager.java:146)
	at org.eclipse.m2e.core.ui.internal.wizards.ImportMavenProjectsJob$1.doCreateMavenProjects(ImportMavenProjectsJob.java:70)
	at org.eclipse.m2e.core.ui.internal.wizards.AbstractCreateMavenProjectsOperation.run(AbstractCreateMavenProjectsOperation.java:75)
	at org.eclipse.m2e.core.ui.internal.wizards.ImportMavenProjectsJob.runInWorkspace(ImportMavenProjectsJob.java:79)
	at org.eclipse.core.internal.resources.InternalWorkspaceJob.run(InternalWorkspaceJob.java:42)
	at org.eclipse.core.internal.jobs.Worker.run(Worker.java:63)
Caused by: org.apache.maven.model.building.ModelBuildingException: 8 problems were encountered while building the effective model for org.springframework.boot:spring-boot-starter-parent:2.4.1
[ERROR] Non-resolvable import POM: Failure to transfer io.dropwizard.metrics:metrics-bom:pom:4.1.16 from https://repo.maven.apache.org/maven2 was cached in the local repository, resolution will not be reattempted until the update interval of central has elapsed or updates are forced. Original error: Could not transfer artifact io.dropwizard.metrics:metrics-bom:pom:4.1.16 from/to central (https://repo.maven.apache.org/maven2): The operation was cancelled. @ org.springframework.boot:spring-boot-dependencies:2.4.1, C:\Users\tcsrth\.m2\repository\org\springframework\boot\spring-boot-dependencies\2.4.1\spring-boot-dependencies-2.4.1.pom, line 2584, column 19
[ERROR] Non-resolvable import POM: Failure to transfer org.infinispan:infinispan-bom:pom:11.0.8.Final from https://repo.maven.apache.org/maven2 was cached in the local repository, resolution will not be reattempted until the update interval of central has elapsed or updates are forced. Original error: Could not transfer artifact org.infinispan:infinispan-bom:pom:11.0.8.Final from/to central (https://repo.maven.apache.org/maven2): The operation was cancelled. @ org.springframework.boot:spring-boot-dependencies:2.4.1, C:\Users\tcsrth\.m2\repository\org\springframework\boot\spring-boot-dependencies\2.4.1\spring-boot-dependencies-2.4.1.pom, line 2598, column 19
[ERROR] Non-resolvable import POM: Failure to transfer io.micrometer:micrometer-bom:pom:1.6.2 from https://repo.maven.apache.org/maven2 was cached in the local repository, resolution will not be reattempted until the update interval of central has elapsed or updates are forced. Original error: Could not transfer artifact io.micrometer:micrometer-bom:pom:1.6.2 from/to central (https://repo.maven.apache.org/maven2): The operation was cancelled. @ org.springframework.boot:spring-boot-dependencies:2.4.1, C:\Users\tcsrth\.m2\repository\org\springframework\boot\spring-boot-dependencies\2.4.1\spring-boot-dependencies-2.4.1.pom, line 2654, column 19
[ERROR] Non-resolvable import POM: Failure to transfer io.netty:netty-bom:pom:4.1.55.Final from https://repo.maven.apache.org/maven2 was cached in the local repository, resolution will not be reattempted until the update interval of central has elapsed or updates are forced. Original error: Could not transfer artifact io.netty:netty-bom:pom:4.1.55.Final from/to central (https://repo.maven.apache.org/maven2): The operation was cancelled. @ org.springframework.boot:spring-boot-dependencies:2.4.1, C:\Users\tcsrth\.m2\repository\org\springframework\boot\spring-boot-dependencies\2.4.1\spring-boot-dependencies-2.4.1.pom, line 2661, column 19
[ERROR] Non-resolvable import POM: Failure to transfer org.springframework.data:spring-data-bom:pom:2020.0.2 from https://repo.maven.apache.org/maven2 was cached in the local repository, resolution will not be reattempted until the update interval of central has elapsed or updates are forced. Original error: Could not transfer artifact org.springframework.data:spring-data-bom:pom:2020.0.2 from/to central (https://repo.maven.apache.org/maven2): The operation was cancelled. @ org.springframework.boot:spring-boot-dependencies:2.4.1, C:\Users\tcsrth\.m2\repository\org\springframework\boot\spring-boot-dependencies\2.4.1\spring-boot-dependencies-2.4.1.pom, line 2696, column 19
[ERROR] Non-resolvable import POM: Failure to transfer org.springframework:spring-framework-bom:pom:5.3.2 from https://repo.maven.apache.org/maven2 was cached in the local repository, resolution will not be reattempted until the update interval of central has elapsed or updates are forced. Original error: Could not transfer artifact org.springframework:spring-framework-bom:pom:5.3.2 from/to central (https://repo.maven.apache.org/maven2): The operation was cancelled. @ org.springframework.boot:spring-boot-dependencies:2.4.1, C:\Users\tcsrth\.m2\repository\org\springframework\boot\spring-boot-dependencies\2.4.1\spring-boot-dependencies-2.4.1.pom, line 2703, column 19
[ERROR] Non-resolvable import POM: Failure to transfer org.springframework.integration:spring-integration-bom:pom:5.4.2 from https://repo.maven.apache.org/maven2 was cached in the local repository, resolution will not be reattempted until the update interval of central has elapsed or updates are forced. Original error: Could not transfer artifact org.springframework.integration:spring-integration-bom:pom:5.4.2 from/to central (https://repo.maven.apache.org/maven2): The operation was cancelled. @ org.springframework.boot:spring-boot-dependencies:2.4.1, C:\Users\tcsrth\.m2\repository\org\springframework\boot\spring-boot-dependencies\2.4.1\spring-boot-dependencies-2.4.1.pom, line 2710, column 19
[ERROR] Non-resolvable import POM: Failure to transfer org.springframework.security:spring-security-bom:pom:5.4.2 from https://repo.maven.apache.org/maven2 was cached in the local repository, resolution will not be reattempted until the update interval of central has elapsed or updates are forced. Original error: Could not transfer artifact org.springframework.security:spring-security-bom:pom:5.4.2 from/to central (https://repo.maven.apache.org/maven2): The operation was cancelled. @ org.springframework.boot:spring-boot-dependencies:2.4.1, C:\Users\tcsrth\.m2\repository\org\springframework\boot\spring-boot-dependencies\2.4.1\spring-boot-dependencies-2.4.1.pom, line 2717, column 19

	at org.apache.maven.model.building.DefaultModelProblemCollector.newModelBuildingException(DefaultModelProblemCollector.java:197)
	at org.apache.maven.model.building.DefaultModelBuilder.build(DefaultModelBuilder.java:498)
	at org.apache.maven.model.building.DefaultModelBuilder.build(DefaultModelBuilder.java:440)
	at org.apache.maven.model.building.DefaultModelBuilder.build(DefaultModelBuilder.java:430)
	at org.apache.maven.project.DefaultProjectBuilder.build(DefaultProjectBuilder.java:173)
	... 24 common frames omitted
2021-04-10 22:19:48,416 [Worker-36: Importing Maven projects] WARN  o.e.m.c.i.embedder.EclipseLogger - Failed to build parent project for org.springframework.boot:spring-boot-starter-parent:pom:2.4.1
2021-04-10 22:19:48,417 [Worker-36: Importing Maven projects] ERROR o.e.m.c.internal.embedder.MavenImpl - Could not read parent project
org.apache.maven.project.ProjectBuildingException: Some problems were encountered while processing the POMs:
[ERROR] Non-resolvable import POM: Failure to transfer io.dropwizard.metrics:metrics-bom:pom:4.1.16 from https://repo.maven.apache.org/maven2 was cached in the local repository, resolution will not be reattempted until the update interval of central has elapsed or updates are forced. Original error: Could not transfer artifact io.dropwizard.metrics:metrics-bom:pom:4.1.16 from/to central (https://repo.maven.apache.org/maven2): The operation was cancelled. @ org.springframework.boot:spring-boot-dependencies:2.4.1, C:\Users\tcsrth\.m2\repository\org\springframework\boot\spring-boot-dependencies\2.4.1\spring-boot-dependencies-2.4.1.pom, line 2584, column 19
[ERROR] Non-resolvable import POM: Failure to transfer org.infinispan:infinispan-bom:pom:11.0.8.Final from https://repo.maven.apache.org/maven2 was cached in the local repository, resolution will not be reattempted until the update interval of central has elapsed or updates are forced. Original error: Could not transfer artifact org.infinispan:infinispan-bom:pom:11.0.8.Final from/to central (https://repo.maven.apache.org/maven2): The operation was cancelled. @ org.springframework.boot:spring-boot-dependencies:2.4.1, C:\Users\tcsrth\.m2\repository\org\springframework\boot\spring-boot-dependencies\2.4.1\spring-boot-dependencies-2.4.1.pom, line 2598, column 19
[ERROR] Non-resolvable import POM: Failure to transfer io.micrometer:micrometer-bom:pom:1.6.2 from https://repo.maven.apache.org/maven2 was cached in the local repository, resolution will not be reattempted until the update interval of central has elapsed or updates are forced. Original error: Could not transfer artifact io.micrometer:micrometer-bom:pom:1.6.2 from/to central (https://repo.maven.apache.org/maven2): The operation was cancelled. @ org.springframework.boot:spring-boot-dependencies:2.4.1, C:\Users\tcsrth\.m2\repository\org\springframework\boot\spring-boot-dependencies\2.4.1\spring-boot-dependencies-2.4.1.pom, line 2654, column 19
[ERROR] Non-resolvable import POM: Failure to transfer io.netty:netty-bom:pom:4.1.55.Final from https://repo.maven.apache.org/maven2 was cached in the local repository, resolution will not be reattempted until the update interval of central has elapsed or updates are forced. Original error: Could not transfer artifact io.netty:netty-bom:pom:4.1.55.Final from/to central (https://repo.maven.apache.org/maven2): The operation was cancelled. @ org.springframework.boot:spring-boot-dependencies:2.4.1, C:\Users\tcsrth\.m2\repository\org\springframework\boot\spring-boot-dependencies\2.4.1\spring-boot-dependencies-2.4.1.pom, line 2661, column 19
[ERROR] Non-resolvable import POM: Failure to transfer org.springframework.data:spring-data-bom:pom:2020.0.2 from https://repo.maven.apache.org/maven2 was cached in the local repository, resolution will not be reattempted until the update interval of central has elapsed or updates are forced. Original error: Could not transfer artifact org.springframework.data:spring-data-bom:pom:2020.0.2 from/to central (https://repo.maven.apache.org/maven2): The operation was cancelled. @ org.springframework.boot:spring-boot-dependencies:2.4.1, C:\Users\tcsrth\.m2\repository\org\springframework\boot\spring-boot-dependencies\2.4.1\spring-boot-dependencies-2.4.1.pom, line 2696, column 19
[ERROR] Non-resolvable import POM: Failure to transfer org.springframework:spring-framework-bom:pom:5.3.2 from https://repo.maven.apache.org/maven2 was cached in the local repository, resolution will not be reattempted until the update interval of central has elapsed or updates are forced. Original error: Could not transfer artifact org.springframework:spring-framework-bom:pom:5.3.2 from/to central (https://repo.maven.apache.org/maven2): The operation was cancelled. @ org.springframework.boot:spring-boot-dependencies:2.4.1, C:\Users\tcsrth\.m2\repository\org\springframework\boot\spring-boot-dependencies\2.4.1\spring-boot-dependencies-2.4.1.pom, line 2703, column 19
[ERROR] Non-resolvable import POM: Failure to transfer org.springframework.integration:spring-integration-bom:pom:5.4.2 from https://repo.maven.apache.org/maven2 was cached in the local repository, resolution will not be reattempted until the update interval of central has elapsed or updates are forced. Original error: Could not transfer artifact org.springframework.integration:spring-integration-bom:pom:5.4.2 from/to central (https://repo.maven.apache.org/maven2): The operation was cancelled. @ org.springframework.boot:spring-boot-dependencies:2.4.1, C:\Users\tcsrth\.m2\repository\org\springframework\boot\spring-boot-dependencies\2.4.1\spring-boot-dependencies-2.4.1.pom, line 2710, column 19
[ERROR] Non-resolvable import POM: Failure to transfer org.springframework.security:spring-security-bom:pom:5.4.2 from https://repo.maven.apache.org/maven2 was cached in the local repository, resolution will not be reattempted until the update interval of central has elapsed or updates are forced. Original error: Could not transfer artifact org.springframework.security:spring-security-bom:pom:5.4.2 from/to central (https://repo.maven.apache.org/maven2): The operation was cancelled. @ org.springframework.boot:spring-boot-dependencies:2.4.1, C:\Users\tcsrth\.m2\repository\org\springframework\boot\spring-boot-dependencies\2.4.1\spring-boot-dependencies-2.4.1.pom, line 2717, column 19

	at org.apache.maven.project.DefaultProjectBuilder.build(DefaultProjectBuilder.java:207)
	at org.apache.maven.project.DefaultProjectBuilder.build(DefaultProjectBuilder.java:342)
	at org.apache.maven.project.DefaultProjectBuilder.build(DefaultProjectBuilder.java:299)
	at org.eclipse.m2e.core.internal.embedder.MavenImpl.resolveParentProject(MavenImpl.java:721)
	at org.eclipse.m2e.core.internal.embedder.MavenImpl.resolveParentProject(MavenImpl.java:700)
	at org.sonatype.m2e.mavenarchiver.internal.AbstractMavenArchiverConfigurator.loadParentHierarchy(AbstractMavenArchiverConfigurator.java:609)
	at org.sonatype.m2e.mavenarchiver.internal.AbstractMavenArchiverConfigurator.generateManifest(AbstractMavenArchiverConfigurator.java:395)
	at org.sonatype.m2e.mavenarchiver.internal.AbstractMavenArchiverConfigurator.mavenProjectChanged(AbstractMavenArchiverConfigurator.java:227)
	at org.sonatype.m2e.mavenarchiver.internal.AbstractMavenArchiverConfigurator.mavenProjectChanged(AbstractMavenArchiverConfigurator.java:215)
	at org.eclipse.m2e.core.internal.project.ProjectConfigurationManager.mavenProjectChanged(ProjectConfigurationManager.java:1040)
	at org.eclipse.m2e.core.internal.project.registry.ProjectRegistryManager.notifyProjectChangeListeners(ProjectRegistryManager.java:824)
	at org.eclipse.m2e.core.internal.project.registry.ProjectRegistryManager.applyMutableProjectRegistry(ProjectRegistryManager.java:990)
	at org.eclipse.m2e.core.internal.project.registry.ProjectRegistryManager.refresh(ProjectRegistryManager.java:317)
	at org.eclipse.m2e.core.internal.project.ProjectConfigurationManager.configureNewMavenProjects(ProjectConfigurationManager.java:267)
	at org.eclipse.m2e.core.internal.project.ProjectConfigurationManager.lambda$0(ProjectConfigurationManager.java:176)
	at org.eclipse.m2e.core.internal.embedder.MavenExecutionContext.executeBare(MavenExecutionContext.java:179)
	at org.eclipse.m2e.core.internal.embedder.MavenExecutionContext.execute(MavenExecutionContext.java:153)
	at org.eclipse.m2e.core.internal.embedder.MavenExecutionContext.execute(MavenExecutionContext.java:101)
	at org.eclipse.m2e.core.internal.embedder.MavenImpl.execute(MavenImpl.java:1374)
	at org.eclipse.m2e.core.internal.project.ProjectConfigurationManager.importProjects(ProjectConfigurationManager.java:146)
	at org.eclipse.m2e.core.ui.internal.wizards.ImportMavenProjectsJob$1.doCreateMavenProjects(ImportMavenProjectsJob.java:70)
	at org.eclipse.m2e.core.ui.internal.wizards.AbstractCreateMavenProjectsOperation.run(AbstractCreateMavenProjectsOperation.java:75)
	at org.eclipse.m2e.core.ui.internal.wizards.ImportMavenProjectsJob.runInWorkspace(ImportMavenProjectsJob.java:79)
	at org.eclipse.core.internal.resources.InternalWorkspaceJob.run(InternalWorkspaceJob.java:42)
	at org.eclipse.core.internal.jobs.Worker.run(Worker.java:63)
Caused by: org.apache.maven.model.building.ModelBuildingException: 8 problems were encountered while building the effective model for org.springframework.boot:spring-boot-starter-parent:2.4.1
[ERROR] Non-resolvable import POM: Failure to transfer io.dropwizard.metrics:metrics-bom:pom:4.1.16 from https://repo.maven.apache.org/maven2 was cached in the local repository, resolution will not be reattempted until the update interval of central has elapsed or updates are forced. Original error: Could not transfer artifact io.dropwizard.metrics:metrics-bom:pom:4.1.16 from/to central (https://repo.maven.apache.org/maven2): The operation was cancelled. @ org.springframework.boot:spring-boot-dependencies:2.4.1, C:\Users\tcsrth\.m2\repository\org\springframework\boot\spring-boot-dependencies\2.4.1\spring-boot-dependencies-2.4.1.pom, line 2584, column 19
[ERROR] Non-resolvable import POM: Failure to transfer org.infinispan:infinispan-bom:pom:11.0.8.Final from https://repo.maven.apache.org/maven2 was cached in the local repository, resolution will not be reattempted until the update interval of central has elapsed or updates are forced. Original error: Could not transfer artifact org.infinispan:infinispan-bom:pom:11.0.8.Final from/to central (https://repo.maven.apache.org/maven2): The operation was cancelled. @ org.springframework.boot:spring-boot-dependencies:2.4.1, C:\Users\tcsrth\.m2\repository\org\springframework\boot\spring-boot-dependencies\2.4.1\spring-boot-dependencies-2.4.1.pom, line 2598, column 19
[ERROR] Non-resolvable import POM: Failure to transfer io.micrometer:micrometer-bom:pom:1.6.2 from https://repo.maven.apache.org/maven2 was cached in the local repository, resolution will not be reattempted until the update interval of central has elapsed or updates are forced. Original error: Could not transfer artifact io.micrometer:micrometer-bom:pom:1.6.2 from/to central (https://repo.maven.apache.org/maven2): The operation was cancelled. @ org.springframework.boot:spring-boot-dependencies:2.4.1, C:\Users\tcsrth\.m2\repository\org\springframework\boot\spring-boot-dependencies\2.4.1\spring-boot-dependencies-2.4.1.pom, line 2654, column 19
[ERROR] Non-resolvable import POM: Failure to transfer io.netty:netty-bom:pom:4.1.55.Final from https://repo.maven.apache.org/maven2 was cached in the local repository, resolution will not be reattempted until the update interval of central has elapsed or updates are forced. Original error: Could not transfer artifact io.netty:netty-bom:pom:4.1.55.Final from/to central (https://repo.maven.apache.org/maven2): The operation was cancelled. @ org.springframework.boot:spring-boot-dependencies:2.4.1, C:\Users\tcsrth\.m2\repository\org\springframework\boot\spring-boot-dependencies\2.4.1\spring-boot-dependencies-2.4.1.pom, line 2661, column 19
[ERROR] Non-resolvable import POM: Failure to transfer org.springframework.data:spring-data-bom:pom:2020.0.2 from https://repo.maven.apache.org/maven2 was cached in the local repository, resolution will not be reattempted until the update interval of central has elapsed or updates are forced. Original error: Could not transfer artifact org.springframework.data:spring-data-bom:pom:2020.0.2 from/to central (https://repo.maven.apache.org/maven2): The operation was cancelled. @ org.springframework.boot:spring-boot-dependencies:2.4.1, C:\Users\tcsrth\.m2\repository\org\springframework\boot\spring-boot-dependencies\2.4.1\spring-boot-dependencies-2.4.1.pom, line 2696, column 19
[ERROR] Non-resolvable import POM: Failure to transfer org.springframework:spring-framework-bom:pom:5.3.2 from https://repo.maven.apache.org/maven2 was cached in the local repository, resolution will not be reattempted until the update interval of central has elapsed or updates are forced. Original error: Could not transfer artifact org.springframework:spring-framework-bom:pom:5.3.2 from/to central (https://repo.maven.apache.org/maven2): The operation was cancelled. @ org.springframework.boot:spring-boot-dependencies:2.4.1, C:\Users\tcsrth\.m2\repository\org\springframework\boot\spring-boot-dependencies\2.4.1\spring-boot-dependencies-2.4.1.pom, line 2703, column 19
[ERROR] Non-resolvable import POM: Failure to transfer org.springframework.integration:spring-integration-bom:pom:5.4.2 from https://repo.maven.apache.org/maven2 was cached in the local repository, resolution will not be reattempted until the update interval of central has elapsed or updates are forced. Original error: Could not transfer artifact org.springframework.integration:spring-integration-bom:pom:5.4.2 from/to central (https://repo.maven.apache.org/maven2): The operation was cancelled. @ org.springframework.boot:spring-boot-dependencies:2.4.1, C:\Users\tcsrth\.m2\repository\org\springframework\boot\spring-boot-dependencies\2.4.1\spring-boot-dependencies-2.4.1.pom, line 2710, column 19
[ERROR] Non-resolvable import POM: Failure to transfer org.springframework.security:spring-security-bom:pom:5.4.2 from https://repo.maven.apache.org/maven2 was cached in the local repository, resolution will not be reattempted until the update interval of central has elapsed or updates are forced. Original error: Could not transfer artifact org.springframework.security:spring-security-bom:pom:5.4.2 from/to central (https://repo.maven.apache.org/maven2): The operation was cancelled. @ org.springframework.boot:spring-boot-dependencies:2.4.1, C:\Users\tcsrth\.m2\repository\org\springframework\boot\spring-boot-dependencies\2.4.1\spring-boot-dependencies-2.4.1.pom, line 2717, column 19

	at org.apache.maven.model.building.DefaultModelProblemCollector.newModelBuildingException(DefaultModelProblemCollector.java:197)
	at org.apache.maven.model.building.DefaultModelBuilder.build(DefaultModelBuilder.java:498)
	at org.apache.maven.model.building.DefaultModelBuilder.build(DefaultModelBuilder.java:440)
	at org.apache.maven.model.building.DefaultModelBuilder.build(DefaultModelBuilder.java:430)
	at org.apache.maven.project.DefaultProjectBuilder.build(DefaultProjectBuilder.java:173)
	... 24 common frames omitted
2021-04-10 22:19:49,502 [Worker-36: Importing Maven projects] INFO  o.e.m.j.i.AbstractJavaProjectConfigurator - Adding resource folder /currency-conversion-service/src/main/resources
2021-04-10 22:19:49,526 [Worker-36: Importing Maven projects] INFO  o.e.m.j.i.AbstractJavaProjectConfigurator - Adding resource folder /currency-conversion-service/src/main/resources
2021-04-10 22:19:51,216 [Worker-36: Importing Maven projects] INFO  o.e.m.j.i.AbstractJavaProjectConfigurator - Adding resource folder /currency-exchange-service/src/main/resources
2021-04-10 22:19:51,227 [Worker-36: Importing Maven projects] INFO  o.e.m.j.i.AbstractJavaProjectConfigurator - Adding resource folder /currency-exchange-service/src/main/resources
2021-04-10 22:19:52,619 [Worker-36: Importing Maven projects] INFO  o.e.m.c.i.p.ProjectConfigurationManager - Imported and configured 2 project(s) in 10 sec
2021-04-10 22:20:30,431 [Worker-0: reload maven project] ERROR o.e.m2e.editor.pom.MavenPomEditor - failed to load maven project for org.eclipse.ui.part.FileEditorInput(/currency-exchange-service/pom.xml)
org.eclipse.core.runtime.CoreException: Could not read maven project
	at org.eclipse.m2e.core.internal.project.registry.ProjectRegistryManager.readProjectWithDependencies(ProjectRegistryManager.java:850)
	at org.eclipse.m2e.core.internal.project.registry.ProjectRegistryManager.lambda$22(ProjectRegistryManager.java:1069)
	at com.google.common.cache.LocalCache$LocalManualCache$1.load(LocalCache.java:4878)
	at com.google.common.cache.LocalCache$LoadingValueReference.loadFuture(LocalCache.java:3529)
	at com.google.common.cache.LocalCache$Segment.loadSync(LocalCache.java:2278)
	at com.google.common.cache.LocalCache$Segment.lockedGetOrLoad(LocalCache.java:2155)
	at com.google.common.cache.LocalCache$Segment.get(LocalCache.java:2045)
	at com.google.common.cache.LocalCache.get(LocalCache.java:3953)
	at com.google.common.cache.LocalCache$LocalManualCache.get(LocalCache.java:4873)
	at org.eclipse.m2e.core.internal.project.registry.ProjectRegistryManager.getMavenProject(ProjectRegistryManager.java:1068)
	at org.eclipse.m2e.core.internal.project.registry.MavenProjectFacade.getMavenProject(MavenProjectFacade.java:251)
	at org.eclipse.m2e.core.ui.internal.actions.SelectionUtil.getMavenProject(SelectionUtil.java:261)
	at org.eclipse.m2e.editor.pom.MavenPomEditor.readMavenProject(MavenPomEditor.java:634)
	at org.eclipse.m2e.editor.pom.MavenPomEditor$3.run(MavenPomEditor.java:938)
	at org.eclipse.core.internal.jobs.Worker.run(Worker.java:63)
2021-04-10 22:20:39,587 [Worker-0: Building] INFO  o.e.m.c.i.l.LifecycleMappingFactory - Using org.eclipse.m2e.jdt.JarLifecycleMapping lifecycle mapping for MavenProject: com.rstontherun.microservices:currency-exchange-service:0.0.1-SNAPSHOT @ C:\Data\workspace\21daysChallenge\05.kubernetes\currency-exchange-service\pom.xml.
2021-04-10 22:20:41,370 [Worker-0: Building] ERROR o.e.m.c.i.p.WorkspaceStateWriter - Error writing workspace state file
org.eclipse.core.runtime.CoreException: Could not read maven project
	at org.eclipse.m2e.core.internal.project.registry.ProjectRegistryManager.readProjectWithDependencies(ProjectRegistryManager.java:850)
	at org.eclipse.m2e.core.internal.project.registry.ProjectRegistryManager.lambda$22(ProjectRegistryManager.java:1069)
	at com.google.common.cache.LocalCache$LocalManualCache$1.load(LocalCache.java:4878)
	at com.google.common.cache.LocalCache$LoadingValueReference.loadFuture(LocalCache.java:3529)
	at com.google.common.cache.LocalCache$Segment.loadSync(LocalCache.java:2278)
	at com.google.common.cache.LocalCache$Segment.lockedGetOrLoad(LocalCache.java:2155)
	at com.google.common.cache.LocalCache$Segment.get(LocalCache.java:2045)
	at com.google.common.cache.LocalCache.get(LocalCache.java:3953)
	at com.google.common.cache.LocalCache$LocalManualCache.get(LocalCache.java:4873)
	at org.eclipse.m2e.core.internal.project.registry.ProjectRegistryManager.getMavenProject(ProjectRegistryManager.java:1068)
	at org.eclipse.m2e.core.internal.project.registry.MavenProjectFacade.getMavenProject(MavenProjectFacade.java:251)
	at org.eclipse.m2e.core.internal.project.WorkspaceStateWriter.mavenProjectChanged(WorkspaceStateWriter.java:93)
	at org.eclipse.m2e.core.internal.project.registry.ProjectRegistryManager.notifyProjectChangeListeners(ProjectRegistryManager.java:824)
	at org.eclipse.m2e.core.internal.project.registry.ProjectRegistryManager.applyMutableProjectRegistry(ProjectRegistryManager.java:990)
	at org.eclipse.m2e.core.internal.project.registry.ProjectRegistryManager.refresh(ProjectRegistryManager.java:317)
	at org.eclipse.m2e.core.internal.builder.MavenBuilder$BuildMethod.getProjectFacade(MavenBuilder.java:151)
	at org.eclipse.m2e.core.internal.builder.MavenBuilder$BuildMethod.lambda$0(MavenBuilder.java:89)
	at org.eclipse.m2e.core.internal.embedder.MavenExecutionContext.executeBare(MavenExecutionContext.java:179)
	at org.eclipse.m2e.core.internal.embedder.MavenExecutionContext.execute(MavenExecutionContext.java:153)
	at org.eclipse.m2e.core.internal.embedder.MavenExecutionContext.execute(MavenExecutionContext.java:101)
	at org.eclipse.m2e.core.internal.builder.MavenBuilder$BuildMethod.execute(MavenBuilder.java:88)
	at org.eclipse.m2e.core.internal.builder.MavenBuilder.build(MavenBuilder.java:197)
	at org.eclipse.core.internal.events.BuildManager$2.run(BuildManager.java:846)
	at org.eclipse.core.runtime.SafeRunner.run(SafeRunner.java:45)
	at org.eclipse.core.internal.events.BuildManager.basicBuild(BuildManager.java:229)
	at org.eclipse.core.internal.events.BuildManager.basicBuild(BuildManager.java:277)
	at org.eclipse.core.internal.events.BuildManager$1.run(BuildManager.java:330)
	at org.eclipse.core.runtime.SafeRunner.run(SafeRunner.java:45)
	at org.eclipse.core.internal.events.BuildManager.basicBuild(BuildManager.java:333)
	at org.eclipse.core.internal.events.BuildManager.basicBuildLoop(BuildManager.java:385)
	at org.eclipse.core.internal.events.BuildManager.build(BuildManager.java:406)
	at org.eclipse.core.internal.events.AutoBuildJob.doBuild(AutoBuildJob.java:154)
	at org.eclipse.core.internal.events.AutoBuildJob.run(AutoBuildJob.java:244)
	at org.eclipse.core.internal.jobs.Worker.run(Worker.java:63)
2021-04-10 22:20:41,370 [Worker-38: reload maven project] ERROR o.e.m2e.editor.pom.MavenPomEditor - failed to load maven project for org.eclipse.ui.part.FileEditorInput(/currency-conversion-service/pom.xml)
org.eclipse.core.runtime.CoreException: Could not read maven project
	at org.eclipse.m2e.core.internal.project.registry.ProjectRegistryManager.readProjectWithDependencies(ProjectRegistryManager.java:850)
	at org.eclipse.m2e.core.internal.project.registry.ProjectRegistryManager.lambda$22(ProjectRegistryManager.java:1069)
	at com.google.common.cache.LocalCache$LocalManualCache$1.load(LocalCache.java:4878)
	at com.google.common.cache.LocalCache$LoadingValueReference.loadFuture(LocalCache.java:3529)
	at com.google.common.cache.LocalCache$Segment.loadSync(LocalCache.java:2278)
	at com.google.common.cache.LocalCache$Segment.lockedGetOrLoad(LocalCache.java:2155)
	at com.google.common.cache.LocalCache$Segment.get(LocalCache.java:2045)
	at com.google.common.cache.LocalCache.get(LocalCache.java:3953)
	at com.google.common.cache.LocalCache$LocalManualCache.get(LocalCache.java:4873)
	at org.eclipse.m2e.core.internal.project.registry.ProjectRegistryManager.getMavenProject(ProjectRegistryManager.java:1068)
	at org.eclipse.m2e.core.internal.project.registry.MavenProjectFacade.getMavenProject(MavenProjectFacade.java:251)
	at org.eclipse.m2e.core.internal.project.WorkspaceStateWriter.mavenProjectChanged(WorkspaceStateWriter.java:93)
	at org.eclipse.m2e.core.internal.project.registry.ProjectRegistryManager.notifyProjectChangeListeners(ProjectRegistryManager.java:824)
	at org.eclipse.m2e.core.internal.project.registry.ProjectRegistryManager.applyMutableProjectRegistry(ProjectRegistryManager.java:990)
	at org.eclipse.m2e.core.internal.project.registry.ProjectRegistryManager.refresh(ProjectRegistryManager.java:317)
	at org.eclipse.m2e.core.internal.builder.MavenBuilder$BuildMethod.getProjectFacade(MavenBuilder.java:151)
	at org.eclipse.m2e.core.internal.builder.MavenBuilder$BuildMethod.lambda$0(MavenBuilder.java:89)
	at org.eclipse.m2e.core.internal.embedder.MavenExecutionContext.executeBare(MavenExecutionContext.java:179)
	at org.eclipse.m2e.core.internal.embedder.MavenExecutionContext.execute(MavenExecutionContext.java:153)
	at org.eclipse.m2e.core.internal.embedder.MavenExecutionContext.execute(MavenExecutionContext.java:101)
	at org.eclipse.m2e.core.internal.builder.MavenBuilder$BuildMethod.execute(MavenBuilder.java:88)
	at org.eclipse.m2e.core.internal.builder.MavenBuilder.build(MavenBuilder.java:197)
	at org.eclipse.core.internal.events.BuildManager$2.run(BuildManager.java:846)
	at org.eclipse.core.runtime.SafeRunner.run(SafeRunner.java:45)
	at org.eclipse.core.internal.events.BuildManager.basicBuild(BuildManager.java:229)
	at org.eclipse.core.internal.events.BuildManager.basicBuild(BuildManager.java:277)
	at org.eclipse.core.internal.events.BuildManager$1.run(BuildManager.java:330)
	at org.eclipse.core.runtime.SafeRunner.run(SafeRunner.java:45)
	at org.eclipse.core.internal.events.BuildManager.basicBuild(BuildManager.java:333)
	at org.eclipse.core.internal.events.BuildManager.basicBuildLoop(BuildManager.java:385)
	at org.eclipse.core.internal.events.BuildManager.build(BuildManager.java:406)
	at org.eclipse.core.internal.events.AutoBuildJob.doBuild(AutoBuildJob.java:154)
	at org.eclipse.core.internal.events.AutoBuildJob.run(AutoBuildJob.java:244)
	at org.eclipse.core.internal.jobs.Worker.run(Worker.java:63)
2021-04-10 22:20:43,875 [Worker-0: Building] INFO  o.e.m.c.i.embedder.EclipseLogger - Using 'UTF-8' encoding to copy filtered resources.
2021-04-10 22:20:43,876 [Worker-0: Building] INFO  o.e.m.c.i.embedder.EclipseLogger - Using 'UTF-8' encoding to copy filtered properties files.
2021-04-10 22:20:43,884 [Worker-0: Building] INFO  o.e.m.c.i.embedder.EclipseLogger - Copying 0 resource
2021-04-10 22:20:43,885 [Worker-0: Building] INFO  o.e.m.c.i.embedder.EclipseLogger - Copying 0 resource
2021-04-10 22:20:43,891 [Worker-0: Building] INFO  o.e.m.c.i.embedder.EclipseLogger - Using 'UTF-8' encoding to copy filtered resources.
2021-04-10 22:20:43,891 [Worker-0: Building] INFO  o.e.m.c.i.embedder.EclipseLogger - Using 'UTF-8' encoding to copy filtered properties files.
2021-04-10 22:20:43,891 [Worker-0: Building] INFO  o.e.m.c.i.embedder.EclipseLogger - skip non existing resourceDirectory C:\Data\workspace\21daysChallenge\05.kubernetes\currency-exchange-service\src\test\resources
2021-04-10 22:20:48,393 [Worker-36: Building] INFO  o.e.m.c.i.embedder.EclipseLogger - Using 'UTF-8' encoding to copy filtered resources.
2021-04-10 22:20:48,394 [Worker-36: Building] INFO  o.e.m.c.i.embedder.EclipseLogger - Using 'UTF-8' encoding to copy filtered properties files.
2021-04-10 22:20:48,403 [Worker-36: Building] INFO  o.e.m.c.i.embedder.EclipseLogger - Copying 1 resource
2021-04-10 22:20:48,432 [Worker-36: Building] INFO  o.e.m.c.i.embedder.EclipseLogger - Copying 1 resource
2021-04-10 22:20:48,442 [Worker-36: Building] INFO  o.e.m.c.i.embedder.EclipseLogger - Using 'UTF-8' encoding to copy filtered resources.
2021-04-10 22:20:48,443 [Worker-36: Building] INFO  o.e.m.c.i.embedder.EclipseLogger - Using 'UTF-8' encoding to copy filtered properties files.
2021-04-10 22:20:48,443 [Worker-36: Building] INFO  o.e.m.c.i.embedder.EclipseLogger - skip non existing resourceDirectory C:\Data\workspace\21daysChallenge\05.kubernetes\currency-exchange-service\src\test\resources
2021-04-10 22:21:23,383 [Worker-0: Building] INFO  o.e.m.c.i.l.LifecycleMappingFactory - Using org.eclipse.m2e.jdt.JarLifecycleMapping lifecycle mapping for MavenProject: com.rstontherun.microservices:currency-conversion-service:0.0.1-SNAPSHOT @ C:\Data\workspace\21daysChallenge\05.kubernetes\currency-conversion-service\pom.xml.
2021-04-10 22:21:25,150 [Worker-0: Building] INFO  o.e.m.c.i.embedder.EclipseLogger - Using 'UTF-8' encoding to copy filtered resources.
2021-04-10 22:21:25,150 [Worker-0: Building] INFO  o.e.m.c.i.embedder.EclipseLogger - Using 'UTF-8' encoding to copy filtered properties files.
2021-04-10 22:21:25,151 [Worker-0: Building] INFO  o.e.m.c.i.embedder.EclipseLogger - Copying 0 resource
2021-04-10 22:21:25,151 [Worker-0: Building] INFO  o.e.m.c.i.embedder.EclipseLogger - Copying 0 resource
2021-04-10 22:21:25,154 [Worker-0: Building] INFO  o.e.m.c.i.embedder.EclipseLogger - Using 'UTF-8' encoding to copy filtered resources.
2021-04-10 22:21:25,155 [Worker-0: Building] INFO  o.e.m.c.i.embedder.EclipseLogger - Using 'UTF-8' encoding to copy filtered properties files.
2021-04-10 22:21:25,155 [Worker-0: Building] INFO  o.e.m.c.i.embedder.EclipseLogger - skip non existing resourceDirectory C:\Data\workspace\21daysChallenge\05.kubernetes\currency-conversion-service\src\test\resources
2021-04-10 22:21:26,806 [Worker-0: Building] INFO  o.e.m.c.i.l.LifecycleMappingFactory - Using org.eclipse.m2e.jdt.JarLifecycleMapping lifecycle mapping for MavenProject: com.rstontherun.microservices:currency-conversion-service:0.0.1-SNAPSHOT @ C:\Data\workspace\21daysChallenge\05.kubernetes\currency-conversion-service\pom.xml.
2021-04-10 22:21:29,022 [Worker-0: Building] INFO  o.e.m.c.i.embedder.EclipseLogger - Using 'UTF-8' encoding to copy filtered resources.
2021-04-10 22:21:29,023 [Worker-0: Building] INFO  o.e.m.c.i.embedder.EclipseLogger - Using 'UTF-8' encoding to copy filtered properties files.
2021-04-10 22:21:29,024 [Worker-0: Building] INFO  o.e.m.c.i.embedder.EclipseLogger - Copying 1 resource
2021-04-10 22:21:29,029 [Worker-0: Building] INFO  o.e.m.c.i.embedder.EclipseLogger - Copying 0 resource
2021-04-10 22:21:29,033 [Worker-0: Building] INFO  o.e.m.c.i.embedder.EclipseLogger - Using 'UTF-8' encoding to copy filtered resources.
2021-04-10 22:21:29,033 [Worker-0: Building] INFO  o.e.m.c.i.embedder.EclipseLogger - Using 'UTF-8' encoding to copy filtered properties files.
2021-04-10 22:21:29,034 [Worker-0: Building] INFO  o.e.m.c.i.embedder.EclipseLogger - skip non existing resourceDirectory C:\Data\workspace\21daysChallenge\05.kubernetes\currency-conversion-service\src\test\resources
